Build started 8/6/2013 5:41:44 PM.
     1>Project "D:\school\Programming\oop244\ass2\ass2\ass2.vcxproj" on node 2 (Build target(s)).
     1>ClCompile:
         C:\Program Files\Microsoft Visual Studio 11.0\VC\bin\CL.exe /c /ZI /nologo /W3 /WX- /sdl /Od /Oy- /D _MBCS /Gm /EHsc /RTC1 /MDd /GS /fp:precise /Zc:wchar_t /Zc:forScope /Fo"Debug\\" /Fd"Debug\vc110.pdb" /Gd /TP /analyze- /errorReport:prompt ISBN.cpp ISBNPrefix.cpp
         ISBNPrefix.cpp
     1>d:\school\programming\oop244\ass2\ass2\isbnprefix.cpp(19): error C4996: 'fopen': This function or variable may be unsafe. Consider using fopen_s instead. To disable deprecation, use _CRT_SECURE_NO_WARNINGS. See online help for details.
                 c:\program files\microsoft visual studio 11.0\vc\include\stdio.h(218) : see declaration of 'fopen'
         ISBN.cpp
     1>d:\school\programming\oop244\ass2\ass2\isbn.h(23): error C4430: missing type specifier - int assumed. Note: C++ does not support default-int
     1>d:\school\programming\oop244\ass2\ass2\isbn.h(23): error C2146: syntax error : missing ',' before identifier 'right'
     1>d:\school\programming\oop244\ass2\ass2\isbn.h(23): error C2804: binary 'operator ==' has too many parameters
     1>d:\school\programming\oop244\ass2\ass2\isbn.cpp(84): warning C4553: '==' : operator has no effect; did you intend '='?
     1>d:\school\programming\oop244\ass2\ass2\isbn.cpp(90): error C2668: 'ISBN::isRegistered' : ambiguous call to overloaded function
                 d:\school\programming\oop244\ass2\ass2\isbn.h(17): could be 'bool ISBN::isRegistered(const ISBNPrefix &)'
                 d:\school\programming\oop244\ass2\ass2\isbn.h(12): or       'bool &ISBN::isRegistered(const ISBNPrefix)'
                 while trying to match the argument list '(const ISBNPrefix)'
         Generating Code...
     1>Done Building Project "D:\school\Programming\oop244\ass2\ass2\ass2.vcxproj" (Build target(s)) -- FAILED.

Build FAILED.

Time Elapsed 00:00:04.38
